#
# A fatal error has been detected by the Java Runtime Environment:
#
#  SIGSEGV (0xb) at pc=0x000000012d3685dd, pid=2263, tid=1299
#
# JRE version: Java(TM) SE Runtime Environment (8.0_40-b27) (build 1.8.0_40-b27)
# Java VM: Java HotSpot(TM) 64-Bit Server VM (25.40-b25 mixed mode bsd-amd64 compressed oops)
# Problematic frame:
# C  [libglass.dylib+0x155dd]  GlassScreenDidChangeScreenParameters+0x9d
#
# Failed to write core dump. Core dumps have been disabled. To enable core dumping, try "ulimit -c unlimited" before starting Java again
#
# If you would like to submit a bug report, please visit:
#   http://bugreport.java.com/bugreport/crash.jsp
#

---------------  T H R E A D  ---------------

Current thread is native thread

siginfo: si_signo: 11 (SIGSEGV), si_code: 1 (SEGV_MAPERR), si_addr: 0x0000000000000000

Registers:
RAX=0x000000012d39abc0, RBX=0x0000000000000000, RCX=0x5b00a2d26e8373f3, RDX=0x00007f8191e539f0
RSP=0x00007fff532417c0, RBP=0x00007fff532417d0, RSI=0x00007f8191d1e748, RDI=0x0000000000000000
R8 =0x00007fff53241670, R9 =0x00007fff7a6f6300, R10=0x0000000000000000, R11=0x0000000000000246
R12=0x00007f8191c142b0, R13=0x00000000000f4268, R14=0x00007f8191e53900, R15=0x00007fff53241918
RIP=0x000000012d3685dd, EFLAGS=0x0000000000010206, ERR=0x0000000000000004
  TRAPNO=0x000000000000000e

Top of Stack: (sp=0x00007fff532417c0)
0x00007fff532417c0:   00007fff532419b8 00007f8191e53900
0x00007fff532417d0:   00007fff532417e0 00007fff95c79cdc
0x00007fff532417e0:   00007fff53241b40 00007fff95b6b244
0x00007fff532417f0:   0000000000000000 0000000000000000
0x00007fff53241800:   0000000000000013 0000000000000000
0x00007fff53241810:   00000000000f429d 0000000000000cd8
0x00007fff53241820:   0000000000000001 00007f8191e53900
0x00007fff53241830:   0000000000000000 00007fff53241910
0x00007fff53241840:   0000000000000000 00007f8191e538c0
0x00007fff53241850:   00007fff53241990 0000000000000089
0x00007fff53241860:   00000000000f450f 00007f8194739e60
0x00007fff53241870:   00007f8191c3dd60 00007f8191c142b0
0x00007fff53241880:   0000000000000001 00000000000f4268
0x00007fff53241890:   00007f8191c142a0 000000010c9d6000
0x00007fff532418a0:   00007fff53241940 00007fff8f9824ff
0x00007fff532418b0:   00007f819d29ccc0 00007f819d2a0000
0x00007fff532418c0:   000000010c9d6000 000000010c9d6000
0x00007fff532418d0:   00007fff53241970 00007fff8f9824ff
0x00007fff532418e0:   00007f81942fc080 0000000000000028
0x00007fff532418f0:   0018e90391c142d4 00007f8191c142d4
0x00007fff53241900:   0000000000000000 00007fff915c964f
0x00007fff53241910:   00007f8191dc2a00 00007f8191e53900
0x00007fff53241920:   0000000300000003 0000000000000000
0x00007fff53241930:   00007fff532419ac 00007fff532419b0
0x00007fff53241940:   000000010c9d9a00 0000000000000004
0x00007fff53241950:   000000010c9d6000 00007f819472ab64
0x00007fff53241960:   0000000000000003 000000010c9dae00
0x00007fff53241970:   00007fff53241a60 00007fff8f97f2a2
0x00007fff53241980:   0d5fffffffff6197 00000000000271ef
0x00007fff53241990:   0000000000000014 0000000000000000
0x00007fff532419a0:   00000000000f429e 0000000000000017
0x00007fff532419b0:   0000000000000000 00000000000f4268 

Instructions: (pc=0x000000012d3685dd)
0x000000012d3685bd:   89 df 4c 89 f1 41 ff 90 68 04 00 00 48 8d 05 f8
0x000000012d3685cd:   24 03 00 48 8b 30 48 8d 05 e6 25 03 00 48 8b 10
0x000000012d3685dd:   48 8b 0b 30 c0 48 89 df ff 91 68 04 00 00 48 8b
0x000000012d3685ed:   03 48 89 df ff 50 78 48 85 c0 74 36 49 89 c6 48 

Register to memory mapping:

RAX=0x000000012d39abc0: jScreenNotifySettingsChanged+0 in /Library/Java/JavaVirtualMachines/jdk1.8.0_40.jdk/Contents/Home/jre/lib/libglass.dylib at 0x000000012d353000
RBX=0x0000000000000000 is an unknown value
RCX=0x5b00a2d26e8373f3 is an unknown value
RDX=0x00007f8191e539f0 is an unknown value
RSP=0x00007fff532417c0 is an unknown value
RBP=0x00007fff532417d0 is an unknown value
RSI=0x00007f8191d1e748 is a global jni handle
RDI=0x0000000000000000 is an unknown value
R8 =0x00007fff53241670 is an unknown value
R9 =0x00007fff7a6f6300: _thread+0 in /usr/lib/system/libsystem_pthread.dylib at 0x00007fff947c8000
R10=0x0000000000000000 is an unknown value
R11=0x0000000000000246 is an unknown value
R12=0x00007f8191c142b0 is an unknown value
R13=0x00000000000f4268 is an unknown value
R14=0x00007f8191e53900 is an unknown value
R15=0x00007fff53241918 is an unknown value


Stack: [0x00007fff52a45000,0x00007fff53245000],  sp=0x00007fff532417c0,  free space=8177k
Native frames: (J=compiled Java code, j=interpreted, Vv=VM code, C=native code)
C  [libglass.dylib+0x155dd]  GlassScreenDidChangeScreenParameters+0x9d
C  [CoreFoundation+0x11ecdc]  __CFNOTIFICATIONCENTER_IS_CALLING_OUT_TO_AN_OBSERVER__+0xc
C  [CoreFoundation+0x10244]  _CFXNotificationPost+0xc44
C  [Foundation+0x2c31]  -[NSNotificationCenter postNotificationName:object:userInfo:]+0x42
C  [AppKit+0x36305e]  -[NSApplication _reactToScreenInvalidationImmediately:]+0x17b
C  [AppKit+0x362e9d]  __44-[NSApplication _reactToScreenInvalidation:]_block_invoke+0x4b
C  [CoreFoundation+0x8056c]  __CFRUNLOOP_IS_CALLING_OUT_TO_A_BLOCK__+0xc
C  [CoreFoundation+0x72675]  __CFRunLoopDoBlocks+0x155
C  [CoreFoundation+0x721b6]  __CFRunLoopRun+0x716
C  [CoreFoundation+0x71858]  CFRunLoopRunSpecific+0x128
C  [java+0x6490]  CreateExecutionEnvironment+0x367
C  [java+0x221c]  JLI_Launch+0x7a0
C  [java+0x84ed]  main+0x65
C  [java+0x1a74]  start+0x34


---------------  P R O C E S S  ---------------

VM state:at safepoint (normal execution)

VM Mutex/Monitor currently owned by a thread:  ([mutex/lock_event])
[0x00007f8191d13db0] Threads_lock - owner thread: 0x00007f819281c800
[0x00007f8191d142b0] Heap_lock - owner thread: 0x00007f819a396000

Heap:
 PSYoungGen      total 1396736K, used 467461K [0x000000076ab00000, 0x00000007c0000000, 0x00000007c0000000)
  eden space 1395712K, 33% used [0x000000076ab00000,0x00000007873514b8,0x00000007bfe00000)
  from space 1024K, 18% used [0x00000007bff00000,0x00000007bff30000,0x00000007c0000000)
  to   space 1024K, 0% used [0x00000007bfe00000,0x00000007bfe00000,0x00000007bff00000)
 ParOldGen       total 2152448K, used 1741446K [0x00000006c0000000, 0x0000000743600000, 0x000000076ab00000)
  object space 2152448K, 80% used [0x00000006c0000000,0x000000072a4a1b78,0x0000000743600000)
 Metaspace       used 26386K, capacity 27550K, committed 27776K, reserved 1073152K
  class space    used 3414K, capacity 3690K, committed 3712K, reserved 1048576K

Card table byte_map: [0x000000011dfc0000,0x000000011e7c1000] byte_map_base: 0x000000011a9c0000

Marking Bits: (ParMarkBitMap*) 0x000000010d37c7a0
 Begin Bits: [0x000000011f52f000, 0x000000012352f000)
 End Bits:   [0x000000012352f000, 0x000000012752f000)

Polling page: 0x000000010db80000

CodeCache: size=245760Kb used=15202Kb max_used=15529Kb free=230557Kb
 bounds [0x000000010ec00000, 0x000000010fb50000, 0x000000011dc00000]
 total_blobs=5491 nmethods=4672 adapters=729
 compilation: enabled

Compilation events (10 events):
Event: 129.444 Thread 0x00007f819302e000 nmethod 5616 0x000000010f3e6610 code [0x000000010f3e6760, 0x000000010f3e68b8]
Event: 130.155 Thread 0x00007f819302d800 5617       4       com.sun.javafx.event.EventDispatchChainImpl::reset (44 bytes)
Event: 130.157 Thread 0x00007f819302d800 nmethod 5617 0x000000010f3e6310 code [0x000000010f3e6460, 0x000000010f3e6578]
Event: 134.804 Thread 0x00007f819302f000 5618       1       javafx.scene.CssStyleHelper$CacheContainer::access$102 (7 bytes)
Event: 134.804 Thread 0x00007f819302f000 nmethod 5618 0x000000010edd73d0 code [0x000000010edd7520, 0x000000010edd7610]
Event: 134.861 Thread 0x00007f819302f000 5619       1       sun.java2d.pipe.RenderBuffer::position (11 bytes)
Event: 134.861 Thread 0x00007f819302f000 nmethod 5619 0x000000010f4757d0 code [0x000000010f475920, 0x000000010f475a30]
Event: 425.175 Thread 0x00007f819302e000 5620       4       java.lang.invoke.LambdaForm$BasicType::basicType (172 bytes)
Event: 425.176 Thread 0x00007f819302e000 nmethod 5620 0x000000010f53a0d0 code [0x000000010f53a340, 0x000000010f53a3f8]
Event: 425.177 Thread 0x00007f819302c000 5621       4       java.lang.invoke.MethodType::hashCode (53 bytes)

GC Heap History (10 events):
Event: 128.968 GC heap before
{Heap before GC invocations=179 (full 8):
 PSYoungGen      total 1396736K, used 1395904K [0x000000076ab00000, 0x00000007c0000000, 0x00000007c0000000)
  eden space 1395712K, 100% used [0x000000076ab00000,0x00000007bfe00000,0x00000007bfe00000)
  from space 1024K, 18% used [0x00000007bfe00000,0x00000007bfe30000,0x00000007bff00000)
  to   space 1024K, 0% used [0x00000007bff00000,0x00000007bff00000,0x00000007c0000000)
 ParOldGen       total 2152448K, used 1741294K [0x00000006c0000000, 0x0000000743600000, 0x000000076ab00000)
  object space 2152448K, 80% used [0x00000006c0000000,0x000000072a47b918,0x0000000743600000)
 Metaspace       used 26361K, capacity 27524K, committed 27776K, reserved 1073152K
  class space    used 3407K, capacity 3683K, committed 3712K, reserved 1048576K
Event: 128.972 GC heap after
Heap after GC invocations=179 (full 8):
 PSYoungGen      total 1396736K, used 224K [0x000000076ab00000, 0x00000007c0000000, 0x00000007c0000000)
  eden space 1395712K, 0% used [0x000000076ab00000,0x000000076ab00000,0x00000007bfe00000)
  from space 1024K, 21% used [0x00000007bff00000,0x00000007bff38000,0x00000007c0000000)
  to   space 1024K, 0% used [0x00000007bfe00000,0x00000007bfe00000,0x00000007bff00000)
 ParOldGen       total 2152448K, used 1741342K [0x00000006c0000000, 0x0000000743600000, 0x000000076ab00000)
  object space 2152448K, 80% used [0x00000006c0000000,0x000000072a487918,0x0000000743600000)
 Metaspace       used 26361K, capacity 27524K, committed 27776K, reserved 1073152K
  class space    used 3407K, capacity 3683K, committed 3712K, reserved 1048576K
}
Event: 129.352 GC heap before
{Heap before GC invocations=180 (full 8):
 PSYoungGen      total 1396736K, used 1395936K [0x000000076ab00000, 0x00000007c0000000, 0x00000007c0000000)
  eden space 1395712K, 100% used [0x000000076ab00000,0x00000007bfe00000,0x00000007bfe00000)
  from space 1024K, 21% used [0x00000007bff00000,0x00000007bff38000,0x00000007c0000000)
  to   space 1024K, 0% used [0x00000007bfe00000,0x00000007bfe00000,0x00000007bff00000)
 ParOldGen       total 2152448K, used 1741342K [0x00000006c0000000, 0x0000000743600000, 0x000000076ab00000)
  object space 2152448K, 80% used [0x00000006c0000000,0x000000072a487918,0x0000000743600000)
 Metaspace       used 26361K, capacity 27524K, committed 27776K, reserved 1073152K
  class space    used 3407K, capacity 3683K, committed 3712K, reserved 1048576K
Event: 129.356 GC heap after
Heap after GC invocations=180 (full 8):
 PSYoungGen      total 1396736K, used 160K [0x000000076ab00000, 0x00000007c0000000, 0x00000007c0000000)
  eden space 1395712K, 0% used [0x000000076ab00000,0x000000076ab00000,0x00000007bfe00000)
  from space 1024K, 15% used [0x00000007bfe00000,0x00000007bfe28000,0x00000007bff00000)
  to   space 1024K, 0% used [0x00000007bff00000,0x00000007bff00000,0x00000007c0000000)
 ParOldGen       total 2152448K, used 1741366K [0x00000006c0000000, 0x0000000743600000, 0x000000076ab00000)
  object space 2152448K, 80% used [0x00000006c0000000,0x000000072a48d918,0x0000000743600000)
 Metaspace       used 26361K, capacity 27524K, committed 27776K, reserved 1073152K
  class space    used 3407K, capacity 3683K, committed 3712K, reserved 1048576K
}
Event: 129.489 GC heap before
{Heap before GC invocations=181 (full 8):
 PSYoungGen      total 1396736K, used 1395872K [0x000000076ab00000, 0x00000007c0000000, 0x00000007c0000000)
  eden space 1395712K, 100% used [0x000000076ab00000,0x00000007bfe00000,0x00000007bfe00000)
  from space 1024K, 15% used [0x00000007bfe00000,0x00000007bfe28000,0x00000007bff00000)
  to   space 1024K, 0% used [0x00000007bff00000,0x00000007bff00000,0x00000007c0000000)
 ParOldGen       total 2152448K, used 1741366K [0x00000006c0000000, 0x0000000743600000, 0x000000076ab00000)
  object space 2152448K, 80% used [0x00000006c0000000,0x000000072a48d918,0x0000000743600000)
 Metaspace       used 26361K, capacity 27524K, committed 27776K, reserved 1073152K
  class space    used 3407K, capacity 3683K, committed 3712K, reserved 1048576K
Event: 129.494 GC heap after
Heap after GC invocations=181 (full 8):
 PSYoungGen      total 1396736K, used 256K [0x000000076ab00000, 0x00000007c0000000, 0x00000007c0000000)
  eden space 1395712K, 0% used [0x000000076ab00000,0x000000076ab00000,0x00000007bfe00000)
  from space 1024K, 25% used [0x00000007bff00000,0x00000007bff40000,0x00000007c0000000)
  to   space 1024K, 0% used [0x00000007bfe00000,0x00000007bfe00000,0x00000007bff00000)
 ParOldGen       total 2152448K, used 1741382K [0x00000006c0000000, 0x0000000743600000, 0x000000076ab00000)
  object space 2152448K, 80% used [0x00000006c0000000,0x000000072a491918,0x0000000743600000)
 Metaspace       used 26361K, capacity 27524K, committed 27776K, reserved 1073152K
  class space    used 3407K, capacity 3683K, committed 3712K, reserved 1048576K
}
Event: 129.817 GC heap before
{Heap before GC invocations=182 (full 8):
 PSYoungGen      total 1396736K, used 1395968K [0x000000076ab00000, 0x00000007c0000000, 0x00000007c0000000)
  eden space 1395712K, 100% used [0x000000076ab00000,0x00000007bfe00000,0x00000007bfe00000)
  from space 1024K, 25% used [0x00000007bff00000,0x00000007bff40000,0x00000007c0000000)
  to   space 1024K, 0% used [0x00000007bfe00000,0x00000007bfe00000,0x00000007bff00000)
 ParOldGen       total 2152448K, used 1741382K [0x00000006c0000000, 0x0000000743600000, 0x000000076ab00000)
  object space 2152448K, 80% used [0x00000006c0000000,0x000000072a491918,0x0000000743600000)
 Metaspace       used 26361K, capacity 27524K, committed 27776K, reserved 1073152K
  class space    used 3407K, capacity 3683K, committed 3712K, reserved 1048576K
Event: 129.821 GC heap after
Heap after GC invocations=182 (full 8):
 PSYoungGen      total 1396736K, used 224K [0x000000076ab00000, 0x00000007c0000000, 0x00000007c0000000)
  eden space 1395712K, 0% used [0x000000076ab00000,0x000000076ab00000,0x00000007bfe00000)
  from space 1024K, 21% used [0x00000007bfe00000,0x00000007bfe38000,0x00000007bff00000)
  to   space 1024K, 0% used [0x00000007bff00000,0x00000007bff00000,0x00000007c0000000)
 ParOldGen       total 2152448K, used 1741422K [0x00000006c0000000, 0x0000000743600000, 0x000000076ab00000)
  object space 2152448K, 80% used [0x00000006c0000000,0x000000072a49b918,0x0000000743600000)
 Metaspace       used 26361K, capacity 27524K, committed 27776K, reserved 1073152K
  class space    used 3407K, capacity 3683K, committed 3712K, reserved 1048576K
}
Event: 130.193 GC heap before
{Heap before GC invocations=183 (full 8):
 PSYoungGen      total 1396736K, used 1395936K [0x000000076ab00000, 0x00000007c0000000, 0x00000007c0000000)
  eden space 1395712K, 100% used [0x000000076ab00000,0x00000007bfe00000,0x00000007bfe00000)
  from space 1024K, 21% used [0x00000007bfe00000,0x00000007bfe38000,0x00000007bff00000)
  to   space 1024K, 0% used [0x00000007bff00000,0x00000007bff00000,0x00000007c0000000)
 ParOldGen       total 2152448K, used 1741422K [0x00000006c0000000, 0x0000000743600000, 0x000000076ab00000)
  object space 2152448K, 80% used [0x00000006c0000000,0x000000072a49bb78,0x0000000743600000)
 Metaspace       used 26361K, capacity 27524K, committed 27776K, reserved 1073152K
  class space    used 3407K, capacity 3683K, committed 3712K, reserved 1048576K
Event: 130.197 GC heap after
Heap after GC invocations=183 (full 8):
 PSYoungGen      total 1396736K, used 192K [0x000000076ab00000, 0x00000007c0000000, 0x00000007c0000000)
  eden space 1395712K, 0% used [0x000000076ab00000,0x000000076ab00000,0x00000007bfe00000)
  from space 1024K, 18% used [0x00000007bff00000,0x00000007bff30000,0x00000007c0000000)
  to   space 1024K, 0% used [0x00000007bfe00000,0x00000007bfe00000,0x00000007bff00000)
 ParOldGen       total 2152448K, used 1741446K [0x00000006c0000000, 0x0000000743600000, 0x000000076ab00000)
  object space 2152448K, 80% used [0x00000006c0000000,0x000000072a4a1b78,0x0000000743600000)
 Metaspace       used 26361K, capacity 27524K, committed 27776K, reserved 1073152K
  class space    used 3407K, capacity 3683K, committed 3712K, reserved 1048576K
}

Deoptimization events (10 events):
Event: 60.342 Thread 0x00007f8195099000 Uncommon trap: reason=null_check action=make_not_entrant pc=0x000000010f811398 method=javafx.scene.Node$MiscProperties.getClip()Ljavafx/scene/Node; @ 20
Event: 61.034 Thread 0x00007f8195099000 Uncommon trap: reason=unstable_if action=reinterpret pc=0x000000010f8dff48 method=com.sun.prism.BasicStroke.accumulateShapeBounds([FLcom/sun/javafx/geom/Shape;Lcom/sun/javafx/geom/transform/BaseTransform;)V @ 1165
Event: 61.038 Thread 0x00007f81920ce000 Uncommon trap: reason=unstable_if action=reinterpret pc=0x000000010f4b2330 method=com.sun.javafx.geom.RectBounds.sortMinMax()V @ 9
Event: 71.499 Thread 0x00007f8195099000 Uncommon trap: reason=unstable_if action=reinterpret pc=0x000000010eee6bb4 method=java.util.WeakHashMap.expungeStaleEntries()V @ 9
Event: 100.454 Thread 0x00007f81920ce000 Uncommon trap: reason=unstable_if action=reinterpret pc=0x000000010f467b94 method=com.sun.prism.impl.ManagedResource.isValid()Z @ 4
Event: 107.788 Thread 0x00007f81920ce000 Uncommon trap: reason=unstable_if action=reinterpret pc=0x000000010f34c994 method=javafx.scene.paint.LinearGradient.acc_getPlatformPaint()Ljava/lang/Object; @ 4
Event: 116.195 Thread 0x00007f81920ce000 Uncommon trap: reason=unstable_if action=reinterpret pc=0x000000010f641658 method=com.sun.prism.impl.ManagedResource.isValid()Z @ 4
Event: 425.132 Thread 0x00007f8193825800 Uncommon trap: reason=unstable_if action=reinterpret pc=0x000000010fa8209c method=java.security.AccessControlContext.optimize()Ljava/security/AccessControlContext; @ 49
Event: 425.177 Thread 0x00007f8195099000 Uncommon trap: reason=unstable_if action=reinterpret pc=0x000000010fad3618 method=java.util.concurrent.locks.ReentrantLock$Sync.nonfairTryAcquire(I)Z @ 34
Event: 425.177 Thread 0x00007f8195099000 Uncommon trap: reason=unstable_if action=reinterpret pc=0x000000010f391da4 method=java.util.concurrent.locks.ReentrantLock$Sync.tryRelease(I)Z @ 28

Internal exceptions (10 events):
Event: 1.974 Thread 0x00007f819386c800 Exception <a 'java/lang/NullPointerException'> (0x000000077413b588) thrown at [/Users/java_re/workspace/8-2-build-macosx-x86_64/jdk8u40/3153/hotspot/src/share/vm/interpreter/linkResolver.cpp, line 1280]
Event: 8.369 Thread 0x00007f8195099000 Exception <a 'java/io/FileNotFoundException'> (0x000000076d93a648) thrown at [/Users/java_re/workspace/8-2-build-macosx-x86_64/jdk8u40/3153/hotspot/src/share/vm/prims/jni.cpp, line 709]
Event: 8.409 Thread 0x00007f8195099000 Implicit null exception at 0x000000010ef81bf5 to 0x000000010ef81e2d
Event: 8.567 Thread 0x00007f8195099000 Implicit null exception at 0x000000010f244f69 to 0x000000010f24549d
Event: 45.468 Thread 0x00007f8195099000 Implicit null exception at 0x000000010f746cb0 to 0x000000010f7476c5
Event: 56.869 Thread 0x00007f8195099000 Implicit null exception at 0x000000010f7cd277 to 0x000000010f7cda35
Event: 56.869 Thread 0x00007f8195099000 Implicit null exception at 0x000000010f7c464b to 0x000000010f7c46a9
Event: 56.869 Thread 0x00007f8195099000 Implicit null exception at 0x000000010f65e6db to 0x000000010f660585
Event: 56.869 Thread 0x00007f8195099000 Implicit null exception at 0x000000010f2c3ae8 to 0x000000010f2c4ba5
Event: 60.342 Thread 0x00007f8195099000 Implicit null exception at 0x000000010f810b99 to 0x000000010f811359

Events (10 events):
Event: 425.177 Thread 0x00007f819280e800 Thread exited: 0x00007f819280e800
Event: 425.178 Thread 0x00007f819a396000 Thread added: 0x00007f819a396000
Event: 425.178 Thread 0x00007f8195099000 Thread exited: 0x00007f8195099000
Event: 425.178 loading class java/util/IdentityHashMap$KeySet
Event: 425.178 loading class java/util/IdentityHashMap$KeySet done
Event: 425.178 loading class java/util/IdentityHashMap$KeyIterator
Event: 425.178 loading class java/util/IdentityHashMap$IdentityHashMapIterator
Event: 425.178 loading class java/util/IdentityHashMap$IdentityHashMapIterator done
Event: 425.178 loading class java/util/IdentityHashMap$KeyIterator done
Event: 425.178 Thread 0x00007f819a396000 Thread exited: 0x00007f819a396000


Dynamic libraries:
0x00000000089b7000 	/System/Library/Frameworks/Cocoa.framework/Versions/A/Cocoa
0x00000000089b7000 	/System/Library/Frameworks/Security.framework/Versions/A/Security
0x00000000089b7000 	/System/Library/Frameworks/ApplicationServices.framework/Versions/A/ApplicationServices
0x00000000089b7000 	/usr/lib/libz.1.dylib
0x00000000089b7000 	/usr/lib/libSystem.B.dylib
0x00000000089b7000 	/usr/lib/libobjc.A.dylib
0x00000000089b7000 	/System/Library/Frameworks/CoreFoundation.framework/Versions/A/CoreFoundation
0x00000000089b7000 	/System/Library/Frameworks/Foundation.framework/Versions/C/Foundation
0x00000000089b7000 	/System/Library/Frameworks/AppKit.framework/Versions/C/AppKit
0x00000000089b7000 	/System/Library/Frameworks/CoreData.framework/Versions/A/CoreData
0x00000000089b7000 	/System/Library/PrivateFrameworks/RemoteViewServices.framework/Versions/A/RemoteViewServices
0x00000000089b7000 	/System/Library/PrivateFrameworks/UIFoundation.framework/Versions/A/UIFoundation
0x00000000089b7000 	/System/Library/Frameworks/IOSurface.framework/Versions/A/IOSurface
0x00000000089b7000 	/System/Library/Frameworks/AudioToolbox.framework/Versions/A/AudioToolbox
0x00000000089b7000 	/System/Library/Frameworks/AudioUnit.framework/Versions/A/AudioUnit
0x00000000089b7000 	/System/Library/PrivateFrameworks/DataDetectorsCore.framework/Versions/A/DataDetectorsCore
0x00000000089b7000 	/System/Library/PrivateFrameworks/DesktopServicesPriv.framework/Versions/A/DesktopServicesPriv
0x00000000089b7000 	/System/Library/Frameworks/Carbon.framework/Versions/A/Frameworks/HIToolbox.framework/Versions/A/HIToolbox
0x00000000089b7000 	/System/Library/Frameworks/QuartzCore.framework/Versions/A/QuartzCore
0x00000000089b7000 	/System/Library/Frameworks/Carbon.framework/Versions/A/Frameworks/SpeechRecognition.framework/Versions/A/SpeechRecognition
0x00000000089b7000 	/usr/lib/libauto.dylib
0x00000000089b7000 	/usr/lib/libicucore.A.dylib
0x00000000089b7000 	/usr/lib/libxml2.2.dylib
0x00000000089b7000 	/System/Library/PrivateFrameworks/CoreUI.framework/Versions/A/CoreUI
0x00000000089b7000 	/System/Library/Frameworks/CoreAudio.framework/Versions/A/CoreAudio
0x00000000089b7000 	/System/Library/Frameworks/DiskArbitration.framework/Versions/A/DiskArbitration
0x00000000089b7000 	/usr/lib/liblangid.dylib
0x00000000089b7000 	/System/Library/PrivateFrameworks/MultitouchSupport.framework/Versions/A/MultitouchSupport
0x00000000089b7000 	/System/Library/Frameworks/IOKit.framework/Versions/A/IOKit
0x00000000089b7000 	/usr/lib/libDiagnosticMessagesClient.dylib
0x00000000089b7000 	/System/Library/Frameworks/CoreServices.framework/Versions/A/CoreServices
0x00000000089b7000 	/System/Library/PrivateFrameworks/PerformanceAnalysis.framework/Versions/A/PerformanceAnalysis
0x00000000089b7000 	/System/Library/PrivateFrameworks/GenerationalStorage.framework/Versions/A/GenerationalStorage
0x00000000089b7000 	/System/Library/Frameworks/OpenGL.framework/Versions/A/OpenGL
0x00000000089b7000 	/System/Library/PrivateFrameworks/Sharing.framework/Versions/A/Sharing
0x00000000089b7000 	/System/Library/Frameworks/CoreGraphics.framework/Versions/A/CoreGraphics
0x00000000089b7000 	/System/Library/Frameworks/CoreText.framework/Versions/A/CoreText
0x00000000089b7000 	/System/Library/Frameworks/ImageIO.framework/Versions/A/ImageIO
0x00000000089b7000 	/usr/lib/libextension.dylib
0x00000000089b7000 	/System/Library/PrivateFrameworks/Backup.framework/Versions/A/Backup
0x00000000089b7000 	/usr/lib/libarchive.2.dylib
0x00000000089b7000 	/System/Library/Frameworks/CFNetwork.framework/Versions/A/CFNetwork
0x00000000089b7000 	/System/Library/Frameworks/SystemConfiguration.framework/Versions/A/SystemConfiguration
0x00000000089b7000 	/usr/lib/libCRFSuite.dylib
0x00000000089b7000 	/usr/lib/libc++.1.dylib
0x00000000089b7000 	/usr/lib/libc++abi.dylib
0x00000000089b7000 	/usr/lib/system/libcache.dylib
0x00000000089b7000 	/usr/lib/system/libcommonCrypto.dylib
0x00000000089b7000 	/usr/lib/system/libcompiler_rt.dylib
0x00000000089b7000 	/usr/lib/system/libcopyfile.dylib
0x00000000089b7000 	/usr/lib/system/libcorecrypto.dylib
0x00000000089b7000 	/usr/lib/system/libdispatch.dylib
0x00000000089b7000 	/usr/lib/system/libdyld.dylib
0x00000000089b7000 	/usr/lib/system/libkeymgr.dylib
0x00000000089b7000 	/usr/lib/system/liblaunch.dylib
0x00000000089b7000 	/usr/lib/system/libmacho.dylib
0x00000000089b7000 	/usr/lib/system/libquarantine.dylib
0x00000000089b7000 	/usr/lib/system/libremovefile.dylib
0x00000000089b7000 	/usr/lib/system/libsystem_asl.dylib
0x00000000089b7000 	/usr/lib/system/libsystem_blocks.dylib
0x00000000089b7000 	/usr/lib/system/libsystem_c.dylib
0x00000000089b7000 	/usr/lib/system/libsystem_configuration.dylib
0x00000000089b7000 	/usr/lib/system/libsystem_coreservices.dylib
0x00000000089b7000 	/usr/lib/system/libsystem_coretls.dylib
0x00000000089b7000 	/usr/lib/system/libsystem_dnssd.dylib
0x00000000089b7000 	/usr/lib/system/libsystem_info.dylib
0x00000000089b7000 	/usr/lib/system/libsystem_kernel.dylib
0x00000000089b7000 	/usr/lib/system/libsystem_m.dylib
0x00000000089b7000 	/usr/lib/system/libsystem_malloc.dylib
0x00000000089b7000 	/usr/lib/system/libsystem_network.dylib
0x00000000089b7000 	/usr/lib/system/libsystem_networkextension.dylib
0x00000000089b7000 	/usr/lib/system/libsystem_notify.dylib
0x00000000089b7000 	/usr/lib/system/libsystem_platform.dylib
0x00000000089b7000 	/usr/lib/system/libsystem_pthread.dylib
0x00000000089b7000 	/usr/lib/system/libsystem_sandbox.dylib
0x00000000089b7000 	/usr/lib/system/libsystem_secinit.dylib
0x00000000089b7000 	/usr/lib/system/libsystem_stats.dylib
0x00000000089b7000 	/usr/lib/system/libsystem_trace.dylib
0x00000000089b7000 	/usr/lib/system/libunc.dylib
0x00000000089b7000 	/usr/lib/system/libunwind.dylib
0x00000000089b7000 	/usr/lib/system/libxpc.dylib
0x00000000089b7000 	/usr/lib/libbz2.1.0.dylib
0x00000000089b7000 	/usr/lib/liblzma.5.dylib
0x00000000089b7000 	/usr/lib/libbsm.0.dylib
0x00000000089b7000 	/usr/lib/libsqlite3.dylib
0x00000000089b7000 	/usr/lib/system/libkxld.dylib
0x00000000089b7000 	/usr/lib/libxar.1.dylib
0x00000000089b7000 	/usr/lib/libpam.2.dylib
0x00000000089b7000 	/usr/lib/libOpenScriptingUtil.dylib
0x00000000089b7000 	/System/Library/Frameworks/CoreServices.framework/Versions/A/Frameworks/FSEvents.framework/Versions/A/FSEvents
0x00000000089b7000 	/System/Library/Frameworks/CoreServices.framework/Versions/A/Frameworks/CarbonCore.framework/Versions/A/CarbonCore
0x00000000089b7000 	/System/Library/Frameworks/CoreServices.framework/Versions/A/Frameworks/Metadata.framework/Versions/A/Metadata
0x00000000089b7000 	/System/Library/Frameworks/CoreServices.framework/Versions/A/Frameworks/OSServices.framework/Versions/A/OSServices
0x00000000089b7000 	/System/Library/Frameworks/CoreServices.framework/Versions/A/Frameworks/SearchKit.framework/Versions/A/SearchKit
0x00000000089b7000 	/System/Library/Frameworks/CoreServices.framework/Versions/A/Frameworks/AE.framework/Versions/A/AE
0x00000000089b7000 	/System/Library/Frameworks/CoreServices.framework/Versions/A/Frameworks/LaunchServices.framework/Versions/A/LaunchServices
0x00000000089b7000 	/System/Library/Frameworks/CoreServices.framework/Versions/A/Frameworks/DictionaryServices.framework/Versions/A/DictionaryServices
0x00000000089b7000 	/System/Library/Frameworks/NetFS.framework/Versions/A/NetFS
0x00000000089b7000 	/System/Library/PrivateFrameworks/NetAuth.framework/Versions/A/NetAuth
0x00000000089b7000 	/System/Library/PrivateFrameworks/login.framework/Versions/A/Frameworks/loginsupport.framework/Versions/A/loginsupport
0x00000000089b7000 	/System/Library/PrivateFrameworks/TCC.framework/Versions/A/TCC
0x00000000089b7000 	/usr/lib/libmecabra.dylib
0x00000000089b7000 	/System/Library/Frameworks/ApplicationServices.framework/Versions/A/Frameworks/ATS.framework/Versions/A/ATS
0x00000000089b7000 	/System/Library/Frameworks/ApplicationServices.framework/Versions/A/Frameworks/ColorSync.framework/Versions/A/ColorSync
0x00000000089b7000 	/System/Library/Frameworks/ApplicationServices.framework/Versions/A/Frameworks/HIServices.framework/Versions/A/HIServices
0x00000000089b7000 	/System/Library/Frameworks/ApplicationServices.framework/Versions/A/Frameworks/LangAnalysis.framework/Versions/A/LangAnalysis
0x00000000089b7000 	/System/Library/Frameworks/ApplicationServices.framework/Versions/A/Frameworks/PrintCore.framework/Versions/A/PrintCore
0x00000000089b7000 	/System/Library/Frameworks/ApplicationServices.framework/Versions/A/Frameworks/QD.framework/Versions/A/QD
0x00000000089b7000 	/System/Library/Frameworks/ApplicationServices.framework/Versions/A/Frameworks/SpeechSynthesis.framework/Versions/A/SpeechSynthesis
0x00000000089b7000 	/System/Library/Frameworks/Accelerate.framework/Versions/A/Accelerate
0x00000000089b7000 	/System/Library/Frameworks/Accelerate.framework/Versions/A/Frameworks/vImage.framework/Versions/A/vImage
0x00000000089b7000 	/System/Library/Frameworks/Accelerate.framework/Versions/A/Frameworks/vecLib.framework/Versions/A/vecLib
0x00000000089b7000 	/System/Library/Frameworks/Accelerate.framework/Versions/A/Frameworks/vecLib.framework/Versions/A/libvDSP.dylib
0x00000000089b7000 	/System/Library/Frameworks/Accelerate.framework/Versions/A/Frameworks/vecLib.framework/Versions/A/libvMisc.dylib
0x00000000089b7000 	/System/Library/Frameworks/Accelerate.framework/Versions/A/Frameworks/vecLib.framework/Versions/A/libLAPACK.dylib
0x00000000089b7000 	/System/Library/Frameworks/Accelerate.framework/Versions/A/Frameworks/vecLib.framework/Versions/A/libBLAS.dylib
0x00000000089b7000 	/System/Library/Frameworks/Accelerate.framework/Versions/A/Frameworks/vecLib.framework/Versions/A/libLinearAlgebra.dylib
0x00000000089b7000 	/System/Library/Frameworks/ApplicationServices.framework/Versions/A/Frameworks/ATS.framework/Versions/A/Resources/libFontParser.dylib
0x00000000089b7000 	/System/Library/Frameworks/ApplicationServices.framework/Versions/A/Frameworks/ATS.framework/Versions/A/Resources/libFontRegistry.dylib
0x00000000089b7000 	/System/Library/PrivateFrameworks/AppleVPA.framework/Versions/A/AppleVPA
0x00000000089b7000 	/System/Library/PrivateFrameworks/AppleJPEG.framework/Versions/A/AppleJPEG
0x00000000089b7000 	/System/Library/Frameworks/ImageIO.framework/Versions/A/Resources/libJPEG.dylib
0x00000000089b7000 	/System/Library/Frameworks/ImageIO.framework/Versions/A/Resources/libTIFF.dylib
0x00000000089b7000 	/System/Library/Frameworks/ImageIO.framework/Versions/A/Resources/libPng.dylib
0x00000000089b7000 	/System/Library/Frameworks/ImageIO.framework/Versions/A/Resources/libGIF.dylib
0x00000000089b7000 	/System/Library/Frameworks/ImageIO.framework/Versions/A/Resources/libJP2.dylib
0x00000000089b7000 	/System/Library/Frameworks/ImageIO.framework/Versions/A/Resources/libRadiance.dylib
0x00000000089b7000 	/System/Library/Frameworks/CoreVideo.framework/Versions/A/CoreVideo
0x00000000089b7000 	/System/Library/Frameworks/OpenGL.framework/Versions/A/Libraries/libGLU.dylib
0x00000000089b7000 	/System/Library/Frameworks/OpenGL.framework/Versions/A/Libraries/libGFXShared.dylib
0x00000000089b7000 	/System/Library/Frameworks/OpenGL.framework/Versions/A/Libraries/libGL.dylib
0x00000000089b7000 	/System/Library/Frameworks/OpenGL.framework/Versions/A/Libraries/libGLImage.dylib
0x00000000089b7000 	/System/Library/Frameworks/OpenGL.framework/Versions/A/Libraries/libCVMSPluginSupport.dylib
0x00000000089b7000 	/System/Library/Frameworks/OpenGL.framework/Versions/A/Libraries/libCoreVMClient.dylib
0x00000000089b7000 	/usr/lib/libcups.2.dylib
0x00000000089b7000 	/System/Library/Frameworks/Kerberos.framework/Versions/A/Kerberos
0x00000000089b7000 	/System/Library/Frameworks/GSS.framework/Versions/A/GSS
0x00000000089b7000 	/usr/lib/libresolv.9.dylib
0x00000000089b7000 	/usr/lib/libiconv.2.dylib
0x00000000089b7000 	/System/Library/PrivateFrameworks/Heimdal.framework/Versions/A/Heimdal
0x00000000089b7000 	/usr/lib/libheimdal-asn1.dylib
0x00000000089b7000 	/System/Library/Frameworks/OpenDirectory.framework/Versions/A/OpenDirectory
0x00000000089b7000 	/System/Library/PrivateFrameworks/CommonAuth.framework/Versions/A/CommonAuth
0x00000000089b7000 	/System/Library/Frameworks/OpenDirectory.framework/Versions/A/Frameworks/CFOpenDirectory.framework/Versions/A/CFOpenDirectory
0x00000000089b7000 	/System/Library/Frameworks/SecurityFoundation.framework/Versions/A/SecurityFoundation
0x00000000089b7000 	/System/Library/PrivateFrameworks/LanguageModeling.framework/Versions/A/LanguageModeling
0x00000000089b7000 	/usr/lib/libcmph.dylib
0x00000000089b7000 	/System/Library/Frameworks/ServiceManagement.framework/Versions/A/ServiceManagement
0x00000000089b7000 	/usr/lib/libxslt.1.dylib
0x00000000089b7000 	/System/Library/Frameworks/Carbon.framework/Versions/A/Frameworks/Ink.framework/Versions/A/Ink
0x00000000089b7000 	/System/Library/Frameworks/QuartzCore.framework/Versions/A/Frameworks/CoreImage.framework/Versions/A/CoreImage
0x00000000089b7000 	/System/Library/PrivateFrameworks/CrashReporterSupport.framework/Versions/A/CrashReporterSupport
0x00000000089b7000 	/System/Library/Frameworks/OpenCL.framework/Versions/A/OpenCL
0x00000000089b7000 	/System/Library/PrivateFrameworks/FaceCore.framework/Versions/A/FaceCore
0x00000000089b7000 	/System/Library/PrivateFrameworks/Ubiquity.framework/Versions/A/Ubiquity
0x00000000089b7000 	/System/Library/PrivateFrameworks/IconServices.framework/Versions/A/IconServices
0x00000000089b7000 	/System/Library/PrivateFrameworks/ChunkingLibrary.framework/Versions/A/ChunkingLibrary
0x00000000089b7000 	/System/Library/PrivateFrameworks/Apple80211.framework/Versions/A/Apple80211
0x00000000089b7000 	/System/Library/Frameworks/CoreWLAN.framework/Versions/A/CoreWLAN
0x00000000089b7000 	/System/Library/Frameworks/IOBluetooth.framework/Versions/A/IOBluetooth
0x00000000089b7000 	/System/Library/PrivateFrameworks/CoreWiFi.framework/Versions/A/CoreWiFi
0x00000000089b7000 	/System/Library/Frameworks/CoreBluetooth.framework/Versions/A/CoreBluetooth
0x00000000089b7000 	/System/Library/PrivateFrameworks/DebugSymbols.framework/Versions/A/DebugSymbols
0x00000000089b7000 	/System/Library/PrivateFrameworks/CoreSymbolication.framework/Versions/A/CoreSymbolication
0x00000000089b7000 	/System/Library/PrivateFrameworks/Symbolication.framework/Versions/A/Symbolication
0x00000000089b7000 	/System/Library/PrivateFrameworks/SpeechRecognitionCore.framework/Versions/A/SpeechRecognitionCore
0x000000010caba000 	/Library/Java/JavaVirtualMachines/jdk1.8.0_40.jdk/Contents/Home/jre/lib/server/libjvm.dylib
0x00000000089b7000 	/usr/lib/libstdc++.6.dylib
0x000000010db3d000 	/Library/Java/JavaVirtualMachines/jdk1.8.0_40.jdk/Contents/Home/jre/lib/libverify.dylib
0x000000010db4b000 	/Library/Java/JavaVirtualMachines/jdk1.8.0_40.jdk/Contents/Home/jre/lib/libjava.dylib
0x000000010db8a000 	/Library/Java/JavaVirtualMachines/jdk1.8.0_40.jdk/Contents/Home/jre/lib/libzip.dylib
0x000000010dbe4000 	/System/Library/Frameworks/JavaVM.framework/Frameworks/JavaRuntimeSupport.framework/JavaRuntimeSupport
0x000000012a786000 	/System/Library/Frameworks/JavaVM.framework/Versions/A/Frameworks/JavaNativeFoundation.framework/Versions/A/JavaNativeFoundation
0x000000012a79b000 	/System/Library/Frameworks/JavaVM.framework/Versions/A/JavaVM
0x00000000089b7000 	/System/Library/Frameworks/Carbon.framework/Versions/A/Carbon
0x000000012a7a8000 	/System/Library/PrivateFrameworks/JavaLaunching.framework/Versions/A/JavaLaunching
0x00000000089b7000 	/System/Library/Frameworks/Carbon.framework/Versions/A/Frameworks/CommonPanels.framework/Versions/A/CommonPanels
0x00000000089b7000 	/System/Library/Frameworks/Carbon.framework/Versions/A/Frameworks/Help.framework/Versions/A/Help
0x00000000089b7000 	/System/Library/Frameworks/Carbon.framework/Versions/A/Frameworks/ImageCapture.framework/Versions/A/ImageCapture
0x00000000089b7000 	/System/Library/Frameworks/Carbon.framework/Versions/A/Frameworks/OpenScripting.framework/Versions/A/OpenScripting
0x00000000089b7000 	/System/Library/Frameworks/Carbon.framework/Versions/A/Frameworks/Print.framework/Versions/A/Print
0x00000000089b7000 	/System/Library/Frameworks/Carbon.framework/Versions/A/Frameworks/SecurityHI.framework/Versions/A/SecurityHI
0x000000012c865000 	/Applications/IntelliJ IDEA 14.app/Contents/bin/libbreakgen64.jnilib
0x000000012ca01000 	/Library/Java/JavaVirtualMachines/jdk1.8.0_40.jdk/Contents/Home/jre/lib/libnet.dylib
0x000000012cc66000 	/Library/Java/JavaVirtualMachines/jdk1.8.0_40.jdk/Contents/Home/jre/lib/libprism_es2.dylib
0x00000000089b7000 	/System/Library/Frameworks/OpenGL.framework/Versions/A/Resources/GLEngine.bundle/GLEngine
0x00000000089b7000 	/System/Library/Frameworks/OpenGL.framework/Versions/A/Libraries/libGLProgrammability.dylib
0x0000000000000000 	/System/Library/Extensions/AppleIntelHD5000GraphicsGLDriver.bundle/Contents/MacOS/AppleIntelHD5000GraphicsGLDriver
0x00000000089b7000 	/System/Library/PrivateFrameworks/IOAccelerator.framework/Versions/A/IOAccelerator
0x00000000089b7000 	/System/Library/PrivateFrameworks/GPUSupport.framework/Versions/A/Libraries/libGPUSupportMercury.dylib
0x0000000000000000 	/System/Library/Extensions/GeForceGLDriver.bundle/Contents/MacOS/GeForceGLDriver
0x00000000089b7000 	/System/Library/Extensions/GeForceGLDriver.bundle/Contents/MacOS/libclh.dylib
0x00000000089b7000 	/System/Library/Frameworks/OpenGL.framework/Versions/A/Resources/GLRendererFloat.bundle/GLRendererFloat
0x00000000089b7000 	/System/Library/Frameworks/OpenCL.framework/Versions/A/Libraries/libcldcpuengine.dylib
0x00000000089b7000 	/System/Library/PrivateFrameworks/DiskImages.framework/Versions/A/DiskImages
0x00000000089b7000 	/System/Library/Frameworks/DiscRecording.framework/Versions/A/DiscRecording
0x00000000089b7000 	/usr/lib/libcsfde.dylib
0x00000000089b7000 	/usr/lib/libcurl.4.dylib
0x00000000089b7000 	/System/Library/PrivateFrameworks/MediaKit.framework/Versions/A/MediaKit
0x00000000089b7000 	/System/Library/PrivateFrameworks/ProtectedCloudStorage.framework/Versions/A/ProtectedCloudStorage
0x00000000089b7000 	/usr/lib/libCoreStorage.dylib
0x00000000089b7000 	/System/Library/PrivateFrameworks/EFILogin.framework/Versions/A/EFILogin
0x00000000089b7000 	/usr/lib/libutil.dylib
0x00000000089b7000 	/System/Library/PrivateFrameworks/FindMyDevice.framework/Versions/A/FindMyDevice
0x00000000089b7000 	/System/Library/Frameworks/LDAP.framework/Versions/A/LDAP
0x00000000089b7000 	/usr/lib/libsasl2.2.dylib
0x00000000089b7000 	/System/Library/PrivateFrameworks/CoreDaemon.framework/Versions/B/CoreDaemon
0x00000000089b7000 	/usr/lib/libcrypto.0.9.8.dylib
0x00000000089b7000 	/System/Library/PrivateFrameworks/AppleSRP.framework/Versions/A/AppleSRP
0x00000000089b7000 	/System/Library/PrivateFrameworks/TrustEvaluationAgent.framework/Versions/A/TrustEvaluationAgent
0x000000012d353000 	/Library/Java/JavaVirtualMachines/jdk1.8.0_40.jdk/Contents/Home/jre/lib/libglass.dylib
0x00000000089b7000 	/System/Library/PrivateFrameworks/CoreServicesInternal.framework/Versions/A/CoreServicesInternal
0x00000000089b7000 	/System/Library/PrivateFrameworks/CloudDocs.framework/Versions/A/CloudDocs
0x00000000089b7000 	/System/Library/PrivateFrameworks/CoreDuet.framework/Versions/A/CoreDuet
0x00000000089b7000 	/System/Library/Frameworks/CloudKit.framework/Versions/A/CloudKit
0x00000000089b7000 	/System/Library/PrivateFrameworks/ProtocolBuffer.framework/Versions/A/ProtocolBuffer
0x00000000089b7000 	/System/Library/PrivateFrameworks/CoreDuetDaemonProtocol.framework/Versions/A/CoreDuetDaemonProtocol
0x00000000089b7000 	/System/Library/PrivateFrameworks/CoreDuetDebugLogging.framework/Versions/A/CoreDuetDebugLogging
0x00000000089b7000 	/System/Library/Frameworks/CoreLocation.framework/Versions/A/CoreLocation
0x00000000089b7000 	/System/Library/Frameworks/Accounts.framework/Versions/A/Accounts
0x00000000089b7000 	/System/Library/PrivateFrameworks/ApplePushService.framework/Versions/A/ApplePushService
0x00000000089b7000 	/System/Library/PrivateFrameworks/GeoServices.framework/Versions/A/GeoServices
0x00000000089b7000 	/System/Library/PrivateFrameworks/OAuth.framework/Versions/A/OAuth
0x00000000089b7000 	/System/Library/Frameworks/CoreGraphics.framework/Versions/A/Resources/libCGCMS.A.dylib
0x00000000089b7000 	/System/Library/CoreServices/RawCamera.bundle/Contents/MacOS/RawCamera
0x00000000089b7000 	/System/Library/Frameworks/CoreGraphics.framework/Versions/A/Resources/libRIP.A.dylib
0x00000000089b7000 	/System/Library/PrivateFrameworks/FamilyControls.framework/Versions/A/FamilyControls
0x00000000089b7000 	/System/Library/PrivateFrameworks/CommerceKit.framework/Versions/A/Frameworks/CommerceCore.framework/Versions/A/CommerceCore
0x00000000089b7000 	/System/Library/PrivateFrameworks/SystemAdministration.framework/Versions/A/SystemAdministration
0x00000000089b7000 	/System/Library/PrivateFrameworks/AppContainer.framework/Versions/A/AppContainer
0x00000000089b7000 	/System/Library/PrivateFrameworks/SecCodeWrapper.framework/Versions/A/SecCodeWrapper
0x00000000089b7000 	/System/Library/Frameworks/DirectoryService.framework/Versions/A/DirectoryService
0x00000000089b7000 	/System/Library/PrivateFrameworks/LoginUIKit.framework/Versions/A/Frameworks/LoginUICore.framework/Versions/A/LoginUICore
0x00000000089b7000 	/usr/lib/libodfde.dylib
0x0000000131a6d000 	/Library/Java/JavaVirtualMachines/jdk1.8.0_40.jdk/Contents/Home/jre/lib/libjavafx_font.dylib
0x00000000089b7000 	/System/Library/Frameworks/CoreGraphics.framework/Versions/A/Resources/libCGXType.A.dylib
0x0000000131da0000 	/Library/Java/JavaVirtualMachines/jdk1.8.0_40.jdk/Contents/Home/jre/lib/libnio.dylib
0x00000001323ca000 	/Library/Java/JavaVirtualMachines/jdk1.8.0_40.jdk/Contents/Home/jre/lib/libglib-lite.dylib
0x00000001329b9000 	/Library/Java/JavaVirtualMachines/jdk1.8.0_40.jdk/Contents/Home/jre/lib/libgstreamer-lite.dylib
0x000000012ec64000 	/Library/Java/JavaVirtualMachines/jdk1.8.0_40.jdk/Contents/Home/jre/lib/libjfxmedia.dylib
0x0000000131db0000 	/Library/Java/JavaVirtualMachines/jdk1.8.0_40.jdk/Contents/Home/jre/lib/libjfxmedia_avf.dylib
0x00000000089b7000 	/System/Library/Frameworks/AVFoundation.framework/Versions/A/AVFoundation
0x00000000089b7000 	/System/Library/Frameworks/CoreMedia.framework/Versions/A/CoreMedia
0x00000000089b7000 	/System/Library/Frameworks/MediaToolbox.framework/Versions/A/MediaToolbox
0x00000000089b7000 	/System/Library/Frameworks/AVFoundation.framework/Versions/A/Resources/libAVFAudio.dylib
0x00000000089b7000 	/System/Library/Frameworks/VideoToolbox.framework/Versions/A/VideoToolbox
0x00000000089b7000 	/System/Library/Frameworks/CoreMediaIO.framework/Versions/A/CoreMediaIO
0x00000000089b7000 	/System/Library/PrivateFrameworks/MediaControlSender.framework/Versions/A/MediaControlSender
0x00000000089b7000 	/System/Library/PrivateFrameworks/CoreAVCHD.framework/Versions/A/CoreAVCHD
0x00000000089b7000 	/System/Library/Frameworks/MediaAccessibility.framework/Versions/A/MediaAccessibility
0x00000000089b7000 	/System/Library/PrivateFrameworks/Mangrove.framework/Versions/A/Mangrove
0x00000000089b7000 	/System/Library/PrivateFrameworks/CoreAUC.framework/Versions/A/CoreAUC
0x00000000089b7000 	/System/Library/PrivateFrameworks/NetworkStatistics.framework/Versions/A/NetworkStatistics
0x00000000089b7000 	/System/Library/PrivateFrameworks/AirPlaySupport.framework/Versions/A/AirPlaySupport
0x00000000089b7000 	/System/Library/PrivateFrameworks/CoreUtils.framework/Versions/A/CoreUtils
0x00000000089b7000 	/System/Library/PrivateFrameworks/AppleVA.framework/Versions/A/AppleVA
0x00000000089b7000 	/System/Library/PrivateFrameworks/XPCService.framework/Versions/A/XPCService
0x00000000089b7000 	/System/Library/PrivateFrameworks/AppSandbox.framework/Versions/A/AppSandbox
0x00000000089b7000 	/usr/lib/libsandbox.1.dylib
0x00000000089b7000 	/usr/lib/libMatch.1.dylib
0x000000012eca5000 	/Library/Java/JavaVirtualMachines/jdk1.8.0_40.jdk/Contents/Home/jre/lib/libjfxmedia_qtkit.dylib
0x00000000089b7000 	/System/Library/Frameworks/QTKit.framework/Versions/A/QTKit
0x00000000089b7000 	/System/Library/PrivateFrameworks/CoreMediaAuthoring.framework/Versions/A/CoreMediaAuthoring
0x000000013130f000 	/Library/Java/JavaVirtualMachines/jdk1.8.0_40.jdk/Contents/Home/jre/lib/libfxplugins.dylib
0x000000012ecb4000 	/System/Library/Frameworks/VideoDecodeAcceleration.framework/Versions/A/VideoDecodeAcceleration
0x00000001316af000 	/System/Library/Extensions/AppleHDA.kext/Contents/PlugIns/AppleHDAHALPlugIn.bundle/Contents/MacOS/AppleHDAHALPlugIn
0x0000000132ea2000 	/System/Library/Components/CoreAudio.component/Contents/MacOS/CoreAudio
0x00000001331fa000 	/Library/Java/JavaVirtualMachines/jdk1.8.0_40.jdk/Contents/Home/jre/lib/libawt.dylib
0x00000001332a2000 	/Library/Java/JavaVirtualMachines/jdk1.8.0_40.jdk/Contents/Home/jre/lib/./libmlib_image.dylib
0x000000013336e000 	/Library/Java/JavaVirtualMachines/jdk1.8.0_40.jdk/Contents/Home/jre/lib/libawt_lwawt.dylib
0x00000001321e0000 	/Library/Java/JavaVirtualMachines/jdk1.8.0_40.jdk/Contents/Home/jre/lib/./libosxapp.dylib
0x00000000089b7000 	/System/Library/Frameworks/ExceptionHandling.framework/Versions/A/ExceptionHandling
0x0000000132540000 	cl_kernels
0x0000000137a79000 	/System/Library/Frameworks/OpenCL.framework/Versions/A/Libraries/ImageFormats/unorm8_bgra.dylib
0x0000000132546000 	cl_kernels
0x000000012ec3d000 	/Library/Java/JavaVirtualMachines/jdk1.8.0_40.jdk/Contents/Home/jre/lib/libprism_common.dylib

VM Arguments:
jvm_args: -Didea.launcher.port=7550 -Didea.launcher.bin.path=/Applications/IntelliJ IDEA 14.app/Contents/bin -Dfile.encoding=UTF-8 
java_command: com.intellij.rt.execution.application.AppMain videosearch.Main
java_class_path (initial): /Library/Java/JavaVirtualMachines/jdk1.8.0_40.jdk/Contents/Home/lib/ant-javafx.jar:/Library/Java/JavaVirtualMachines/jdk1.8.0_40.jdk/Contents/Home/lib/dt.jar:/Library/Java/JavaVirtualMachines/jdk1.8.0_40.jdk/Contents/Home/lib/javafx-mx.jar:/Library/Java/JavaVirtualMachines/jdk1.8.0_40.jdk/Contents/Home/lib/jconsole.jar:/Library/Java/JavaVirtualMachines/jdk1.8.0_40.jdk/Contents/Home/lib/packager.jar:/Library/Java/JavaVirtualMachines/jdk1.8.0_40.jdk/Contents/Home/lib/sa-jdi.jar:/Library/Java/JavaVirtualMachines/jdk1.8.0_40.jdk/Contents/Home/lib/tools.jar:/Library/Java/JavaVirtualMachines/jdk1.8.0_40.jdk/Contents/Home/jre/lib/charsets.jar:/Library/Java/JavaVirtualMachines/jdk1.8.0_40.jdk/Contents/Home/jre/lib/deploy.jar:/Library/Java/JavaVirtualMachines/jdk1.8.0_40.jdk/Contents/Home/jre/lib/javaws.jar:/Library/Java/JavaVirtualMachines/jdk1.8.0_40.jdk/Contents/Home/jre/lib/jce.jar:/Library/Java/JavaVirtualMachines/jdk1.8.0_40.jdk/Contents/Home/jre/lib/jfr.jar:/Library/Java/JavaVirtualMachines/jdk1.8.0_40.jdk/Contents/Home/jre/lib/jfxswt.jar:/Library/Java/JavaVirtualMachines/jdk1.8.0_40.jdk/Contents/Home/jre/lib/jsse.jar:/Library/Java/JavaVirtualMachines/jdk1.8.0_40.jdk/Contents/Home/jre/lib/management-agent.jar:/Library/Java/JavaVirtualMachines/jdk1.8.0_40.jdk/Contents/Home/jre/lib/plugin.jar:/Library/Java/JavaVirtualMachines/jdk1.8.0_40.jdk/Contents/Home/jre/lib/resources.jar:/Library/Java/JavaVirtualMachines/jdk1.8.0_40.jdk/Contents/Home/jre/lib/rt.jar:/Library/Java/JavaVirtualMachines/jdk1.8.0_40.jdk/Contents/Home/jre/lib/ext/cldrdata.jar:/Library/Java/JavaVirtualMachines/jdk1.8.0_40.jdk/Contents/Home/jre/lib/ext/dnsns.jar:/Library/Java/JavaVirtualMachines/jdk1.8.0_40.jdk/Contents/Home/jre/lib/ext/jfxrt.jar:/Library/Java/JavaVirtualMachines/jdk1.8.0_40.jdk/Contents/Home/jre/lib/ext/localedata.jar:/Library/Java/JavaVirtualMachines/jdk1.8.0_40.jdk/Contents/Home/jre/lib/ext/nashorn.jar:/Library/Java/JavaVirtualMachines/jdk1.8.0_40.jdk/Conten
Launcher Type: SUN_STANDARD

Environment Variables:
PATH=/opt/local/bin:/opt/local/sbin:/usr/local/bin:/usr/bin:/bin:/usr/sbin:/sbin:/opt/X11/bin
SHELL=/bin/bash
DISPLAY=/private/tmp/com.apple.launchd.tkHTyosKwR/org.macosforge.xquartz:0

Signal Handlers:
SIGSEGV: [libjvm.dylib+0x58ef95], sa_mask[0]=11111111011111110111111111111111, sa_flags=SA_ONSTACK|SA_RESTART|SA_SIGINFO
SIGBUS: [libjvm.dylib+0x58ef95], sa_mask[0]=11111111011111110111111111111111, sa_flags=SA_RESTART|SA_SIGINFO
SIGFPE: [libjvm.dylib+0x46c118], sa_mask[0]=11111111011111110111111111111111, sa_flags=SA_RESTART|SA_SIGINFO
SIGPIPE: [libjvm.dylib+0x46c118], sa_mask[0]=11111111011111110111111111111111, sa_flags=SA_RESTART|SA_SIGINFO
SIGXFSZ: [libjvm.dylib+0x46c118], sa_mask[0]=11111111011111110111111111111111, sa_flags=SA_RESTART|SA_SIGINFO
SIGILL: [libjvm.dylib+0x46c118], sa_mask[0]=11111111011111110111111111111111, sa_flags=SA_RESTART|SA_SIGINFO
SIGUSR1: SIG_DFL, sa_mask[0]=00000000000000000000000000000000, sa_flags=none
SIGUSR2: [libjvm.dylib+0x46bc36], sa_mask[0]=00100000000000000000000000000000, sa_flags=SA_RESTART|SA_SIGINFO
SIGHUP: [libjvm.dylib+0x46a209], sa_mask[0]=11111111011111110111111111111111, sa_flags=SA_RESTART|SA_SIGINFO
SIGINT: [libjvm.dylib+0x46a209], sa_mask[0]=11111111011111110111111111111111, sa_flags=SA_RESTART|SA_SIGINFO
SIGTERM: [libjvm.dylib+0x46a209], sa_mask[0]=11111111011111110111111111111111, sa_flags=SA_RESTART|SA_SIGINFO
SIGQUIT: [libjvm.dylib+0x46a209], sa_mask[0]=11111111011111110111111111111111, sa_flags=SA_RESTART|SA_SIGINFO


---------------  S Y S T E M  ---------------

OS:Bsduname:Darwin 14.1.0 Darwin Kernel Version 14.1.0: Mon Dec 22 23:10:38 PST 2014; root:xnu-2782.10.72~2/RELEASE_X86_64 x86_64
rlimit: STACK 8192k, CORE 0k, NPROC 709, NOFILE 10240, AS infinity
load average:3.59 2.85 2.70

CPU:total 8 (4 cores per cpu, 2 threads per core) family 6 model 70 stepping 1, cmov, cx8, fxsr, mmx, sse, sse2, sse3, ssse3, sse4.1, sse4.2, popcnt, avx, avx2, aes, clmul, erms, rtm, lzcnt, ht, tsc, tscinvbit, bmi1, bmi2

Memory: 4k page, physical 16777216k(3862436k free)

/proc/meminfo:


vm_info: Java HotSpot(TM) 64-Bit Server VM (25.40-b25) for bsd-amd64 JRE (1.8.0_40-b27), built on Mar 13 2015 04:46:52 by "java_re" with gcc 4.2.1 (Based on Apple Inc. build 5658) (LLVM build 2336.11.00)

time: Mon May  4 20:22:20 2015
elapsed time: 425 seconds (0d 0h 7m 5s)

